<?xml version="1.0" encoding="UTF-8" standalone="yes"?>
<kmehrmessage xmlns="http://www.ehealth.fgov.be/standards/kmehr/schema/v1" xmlns:ns2="http://www.w3.org/2001/04/xmlenc#" xmlns:ns3="http://www.w3.org/2000/09/xmldsig#">
    <header>
        <standard>
            <cd S="CD-STANDARD" SV="1.4">20161201</cd>
        </standard>
        <id S="ID-KMEHR" SV="1.0">99999999.99999999</id>
        <date>2021-03-04</date>
        <time>09:30:30.103+02:00</time>
        <sender>
            <hcparty>
                <id S="ID-HCPARTY" SV="1.0">12345678901</id>
                <id S="INSS" SV="1.0">98765432101</id>
                <cd S="CD-HCPARTY" SV="1.3">persphysician</cd>
                <firstname>John</firstname>
                <familyname>Doe</familyname>
            </hcparty>
            <hcparty>
                <id S="ID-HCPARTY" SV="1.0">12345678901</id>
                <cd S="CD-HCPARTY" SV="1.3">orgpublichealth</cd>
                <name>organisationName</name>
            </hcparty>
        </sender>
        <recipient>
            <hcparty>
                <id S="ID-HCPARTY" SV="1.0">12345678901</id>
                <id S="INSS" SV="1.0">98765432101</id>
                <id S="ID-ENCRYPTION-ACTOR" SV="1.0">99999999</id>
                <cd S="CD-HCPARTY" SV="1.1">persphysician</cd>
                <cd S="CD-ENCRYPTION-ACTOR" SV="1.0">NIHII</cd>
                <firstname>John</firstname>
                <familyname>Doe</familyname>
                <address>
                    <cd S="CD-ADDRESS" SV="1.0"></cd>
                    <nis>24062</nis>
                </address>
            </hcparty>
            <hcparty>
                <id S="LOCAL" SV="1.0" SL="endusersoftwareinfo">code</id>
                <cd S="CD-HCPARTY" SV="1.1">APPLICATION</cd>
            </hcparty>
        </recipient>
    </header>
    <folder>
        <id S="ID-KMEHR" SV="1.0">1</id>
        <patient>
            <id S="ID-PATIENT" SV="1.0">90010100101</id>
            <firstname>John</firstname>
            <familyname>Doe</familyname>
            <sex>
                <cd S="CD-SEX" SV="1.0">male</cd>
            </sex>
            <usuallanguage>nl-BE</usuallanguage>
        </patient>
        <transaction>
            <id S="ID-KMEHR" SV="1.0">1</id>
            <id S="LOCAL" SV="1.0" SL="vitalinkuri">/subject/90010100101/sumehr/81617/new/2</id>
            <cd S="CD-TRANSACTION" SV="1.0">sumehr</cd>
            <date>2021-02-09</date>
            <time>14:32:16</time>
            <author>
                <hcparty>
                    <id S="ID-HCPARTY" SV="1.0">12345678901</id>
                    <cd S="CD-HCPARTY" SV="1.7">hub</cd>
                    <name>VITALINK</name>
                </hcparty>
                <hcparty>
                    <id S="ID-HCPARTY" SV="1.0">12345678901</id>
                    <id S="INSS" SV="1.0">98765432101</id>
                    <cd S="CD-HCPARTY" SV="1.0">persphysician</cd>
                    <firstname>John</firstname>
                    <familyname>Doe</familyname>
                </hcparty>
            </author>
            <iscomplete>true</iscomplete>
            <isvalidated>true</isvalidated>
            <item>
                <id S="ID-KMEHR" SV="1.0">2</id>
                <cd S="CD-ITEM" SV="1.9">risk</cd>
                <content>
                    <text L="nl">Tabakgebruik</text>
                </content>
            </item>
            <text L="nl">===EVSREF:g98765===</text>
        </transaction>
    </folder>
</kmehrmessage>
