<?xml version="1.0" encoding="UTF-8" standalone="yes"?>
<kmehrmessage xmlns="http://www.ehealth.fgov.be/standards/kmehr/schema/v1" xmlns:ns2="http://www.w3.org/2001/04/xmlenc#" xmlns:ns3="http://www.w3.org/2000/09/xmldsig#">
    <header>
        <standard>
            <cd S="CD-STANDARD" SV="1.4">20170901</cd>
        </standard>
        <id S="ID-KMEHR" SV="1.0">18334780004.20210304093030</id>
        <date>2021-03-04</date>
        <time>09:30:30.103+02:00</time>
        <sender>
            <hcparty>
                <id S="ID-HCPARTY" SV="1.0">12345678901</id>
                <id S="INSS" SV="1.0">98765432101</id>
                <cd S="CD-HCPARTY" SV="1.3">persphysician</cd>
                <firstname>John</firstname>
                <familyname>Doe</familyname>
            </hcparty>
        </sender>
        <recipient>
            <hcparty>
                <id S="ID-HCPARTY" SV="1.0">12345678901</id>
                <cd S="CD-HCPARTY" SV="1.3">orgpublichealth</cd>
                <name>organisationName</name>
            </hcparty>
        </recipient>
    </header>
    <folder>
        <id S="ID-KMEHR" SV="1.0">1</id>
        <patient>
            <id S="ID-PATIENT" SV="1.0">90010100101</id>
            <firstname>John</firstname>
            <familyname>Doe</familyname>
            <sex>
                <cd S="CD-SEX" SV="1.0">male</cd>
            </sex>
            <usuallanguage>nl-BE</usuallanguage>
        </patient>
        <transaction>
            <id S="ID-KMEHR" SV="1.0">1</id>
            <cd S="CD-TRANSACTION" SV="1.0">diarynote</cd>
            <cd S="CD-DIARY" SV="1.0">woundcare</cd>
            <date>2021-02-09</date>
            <time>11:11:11</time>
            <author>
                <hcparty>
                    <id S="ID-HCPARTY" SV="1.0">12345678901</id>
                    <id S="INSS" SV="1.0">98765432101</id>
                    <cd S="CD-HCPARTY" SV="1.0">persphysician</cd>
                    <firstname>John</firstname>
                    <familyname>Doe</familyname>
                </hcparty>
            </author>
            <iscomplete>true</iscomplete>
            <isvalidated>true</isvalidated>
            <lnk TYPE="multimedia" MEDIATYPE="application/pdf" SIZE="5106">JVBERi0xLjMKMSAwIG9iago8PAovVHlwZSAvQ2F0YWxvZwovUGFnZUxheW91dCAvU2luZ2xlUGFnZQovT3V0bGluZXMgMiAwIFIKL1BhZ2VzIDQgMCBSCj4+CmVuZG9iagoyIDAgb2JqCjw8Ci9UeXBlIC9PdXRsaW5lcwovQ291bnQgMQovRmlyc3QgOSAwIFIKL0xhc3QgOSAwIFIKPj4KZW5kb2JqCjMgMCBvYmoKPDwKL1Byb2R1Y2VyIChTeW5vcHNlIFBERiBlbmdpbmUgMS4xNCkKL0NyZWF0aW9uRGF0ZSAoRDoyMDE4MTAyNDEyNDEwNikKL1RpdGxlIChEb3NzaWVyIHBhdGllbnQgSEVBTFRIIG9uZSAtIERvc3NpZXIgOiBDYXNhZ3JhbmRlIERhdmlkKQovQ3JlYXRvciAoSGVhbHRoIE9uZSkKL0F1dGhvciAoRHIgUGhpbGlwcGUgUXVlcnRlbW9udCkKL1N1YmplY3QgKERvc3NpZXIgOiBDYXNhZ3JhbmRlIERhdmlkIFwoMTgvMDYvMTk3MVwpKQovS2V5d29yZHMgKCkKL01vZERhdGUgKEQ6MjAxODEwMjQxMjQxMDcpCj4+CmVuZG9iago0IDAgb2JqCjw8Ci9UeXBlIC9QYWdlcwovS2lkcyBbNSAwIFIgXQovQ291bnQgMQo+PgplbmRvYmoKNSAwIG9iago8PAovTWVkaWFCb3ggWzAgMCA1OTUgODQyIF0KL1R5cGUgL1BhZ2UKL1BhcmVudCA0IDAgUgovUmVzb3VyY2VzIDw8Ci9Gb250IDw8Ci9GMCA3IDAgUgovRjEgMTAgMCBSCj4+Ci9YT2JqZWN0IDw8Ci9TeW5JbWcwIDEyIDAgUgovU3luSW1nMSAxMyAwIFIKL1N5bkltZzIgMTQgMCBSCi9TeW5JbWczIDE1IDAgUgo+PgovUHJvY1NldCBbL1BERiAvVGV4dCAvSW1hZ2VDIF0KPj4KL0NvbnRlbnRzIDYgMCBSCj4+CmVuZG9iago2IDAgb2JqCjw8Ci9MZW5ndGggNzk0Ci9GaWx0ZXIgWy9GbGF0ZURlY29kZSBdCj4+CnN0cmVhbQp42sVVTXPbNhC981fsrdZMswJAAgR8cxK38Uzj2jEzk5koB4REVHj4ZYJy4v5j3vsDCpCW4tixqFuoA4Uhue/tvre7N9HyDwIKsi8RgfDr1tHLLGISYwqScCQUsiI6et04Z00Hre6tqXt4c3ryV/YGmtrAC9g+PIZX2ul1p+vCwGt9a4sFZNfRaXYf+92f0cdP/l5EBGUCX3cw/hhDFXEhMEm25zK68uT8YyRJ4LejlYoYeTLSypvabcrek2pqT6QaCpNbz2k91EOny0COJUtKloxQGZh2cPGPLW3bGrjcmK43VVP3O5YodqRSnmCafCd1fw6kbiKaIBVjStO/+0/iBOMY8ipaXt3VZ9Wa+MpEl2OFHySRSAzvpqjkmMPbobB54HqFf+MJXiCsjq6GG1wttryeBWQM1U8B6VNAJlCoEdDdVW3/X2UcuM3na5P39os7nsWiFAV/irWLTzkytRPFSzKK4qCZIG7NsxhMbjG88CzZg0GSrR8Lq9d143qbQ9vZOretLmdzEFKiEs/HF4p5B4TwbalrKH7TechhlrdIU+TiMOGFpBizESQztQu+1V0/dNaU3gKHKi+8KT38QcoLoVBNiG2zKedlEN7qMt1TJi5RTP3XP03B3bm+Ke3NxszrkfhGVnuAkhRZ/ByQt8Ac0veUYoZUHahQzFHxEfVlU9zBW+0cnPmR9u1weRhBdaA6LEHO79WxxQHqEIV7+lDQGNlk4l7byVN5tVrMisGVRMb2BCYU5RT4cyhLFcpiQ1nmQ0uB6mFf0x9Dc0WQT8Ow7YzLO9uOA91vkWocjpVfOfMoKUf+cBqyRyipwslMmd9Q30w9lma1AABKqjXExK+NclOa1ZFbLX4HCvoWoRiuzaY2XTgHdze285/R8MKrpi7slmgxVLrr9Nocg96AN2YL78/Psncn5x9Oz09nuQuv8ENV40fcRYpymq7va/viaQK8Wnvgaiht042Dd4s4xY/jMPh2y2w6hl1Gvaqhxf4d1yvHJAaaopjEeLzN/QKlcknEkqqUwi+/Lny1gS7pNlVKSEjkMvofhEcsTgplbmRzdHJlYW0KZW5kb2JqCjcgMCBvYmoKPDwKL1R5cGUgL0ZvbnQKL0Jhc2VGb250IC9WZXJkYW5hLEJvbGQKL1N1YnR5cGUgL1RydWVUeXBlCi9FbmNvZGluZyAvV2luQW5zaUVuY29kaW5nCi9Gb250RGVzY3JpcHRvciA4IDAgUgovTmFtZSAvRjAKL0ZpcnN0Q2hhciAzMgovTGFzdENoYXIgMjMzCi9XaWR0aHMgWzM0MiAwIDAgMCAwIDAgMCAwIDU0MyA1NDMgMCAwIDAgNDgwIDM2MSAwIDAgMCAwIDAgMCAwIDAgMCAwIDAgNDAyIDAgMCAwIDAgMCAwIDc3NiA3NjIgNzI0IDgzMCA2ODMgMCAwIDgzNyA1NDYgMCAwIDYzNyA5NDggMCA4NTAgNzMzIDAgMCA3MTAgNjgyIDAgMCAwIDAgMCAwIDAgMCAwIDAgMCAwIDY2OCAwIDU4OCA2OTkgNjY0IDAgNjk5IDAgMzQyIDAgMCAzNDIgMCA3MTIgNjg3IDY5OSA2OTkgNDk3IDU5MyA0NTYgMCA2NTAgMCA2NjkgNjUxIDAgMCAwIDAgMCAwIDAgMCAwIDAgMCAwIDAgMCAwIDAgMCAwIDAgMCAwIDAgMCAwIDAgMCAwIDAgMCAwIDAgMCAwIDAgMCAwIDAgMCAwIDAgMCAwIDAgMCAwIDAgMCAwIDAgMCAwIDAgMCAwIDAgMCAwIDAgMCAwIDAgMCAwIDAgMCAwIDAgMCAwIDAgMCAwIDAgMCAwIDAgMCAwIDAgMCAwIDAgMCAwIDAgMCAwIDAgMCAwIDAgMCAwIDAgMCAwIDAgMCAwIDAgMCAwIDAgMCAwIDAgMCAwIDAgMCAwIDY2NCBdCj4+CmVuZG9iago4IDAgb2JqCjw8Ci9UeXBlIC9Gb250RGVzY3JpcHRvcgovRm9udE5hbWUgL1ZlcmRhbmEsQm9sZAovQXNjZW50IDc2NQovQ2FwSGVpZ2h0IDY2NgovRGVzY2VudCAtMjA3Ci9JdGFsaWNBbmdsZSAwCi9TdGVtViA4NwovRmxhZ3MgMzIKL0ZvbnRCQm94IFstNTUwIC0zMDMgMTcwNyAxMDcyIF0KPj4KZW5kb2JqCjkgMCBvYmoKPDwKL1BhcmVudCAyIDAgUgovQ291bnQgMAovVGl0bGUgKERvc3NpZXIgcGF0aWVudCBIRUFMVEggb25lIC0gRG9zc2llciA6IENhc2FncmFuZGUgRGF2aWQpCi9EZXN0IFs1IDAgUiAvWFlaIDAgODEzIDAgXQo+PgplbmRvYmoKMTAgMCBvYmoKPDwKL1R5cGUgL0ZvbnQKL0Jhc2VGb250IC9WZXJkYW5hCi9TdWJ0eXBlIC9UcnVlVHlwZQovRW5jb2RpbmcgL1dpbkFuc2lFbmNvZGluZwovRm9udERlc2NyaXB0b3IgMTEgMCBSCi9OYW1lIC9GMQovRmlyc3RDaGFyIDMyCi9MYXN0Q2hhciAyNDQKL1dpZHRocyBbMzUyIDAgMCAwIDAgMCAwIDI2OSA0NTQgNDU0IDAgMCAzNjQgNDU0IDM2NCA0NTQgNjM2IDYzNiA2MzYgNjM2IDYzNiA2MzYgNjM2IDYzNiA2MzYgNjM2IDQ1NCAwIDAgMCAwIDAgMCA2ODQgMCA2OTggNzcxIDYzMiAwIDAgMCA0MjEgMCAwIDAgMCA3NDggMCA2MDMgNzg3IDY5NSAwIDYxNiA3MzIgMCAwIDY4NSAwIDAgMCAwIDAgMCAwIDAgNjAxIDYyMyA1MjEgNjIzIDU5NiAzNTIgNjIzIDYzMyAyNzIgMzQ0IDAgMjcyIDk3MyA2MzMgNjA3IDYyMyA2MjMgNDI3IDUyMSAzOTQgNjMzIDU5MiAwIDU5MiA1OTIgMCAwIDAgMCAwIDAgMCAwIDAgMCAwIDAgMCAwIDAgMCAwIDAgMCAwIDAgMCAwIDAgMCAwIDAgMCAwIDAgMCAwIDAgMCAwIDAgMCAwIDAgMCAwIDAgMCAwIDAgMCAwIDAgMCAwIDAgMCAwIDAgMCAwIDAgMCAwIDAgMCAwIDAgMCAwIDAgMCAwIDAgMCAwIDAgMCAwIDAgMCAwIDAgMCAwIDAgMCAwIDAgMCAwIDAgMCAwIDAgMCAwIDAgMCAwIDAgMCAwIDAgMCAwIDAgMCAwIDAgMCAwIDAgMCAwIDAgNTk2IDAgMCAwIDAgMCAwIDAgMCAwIDAgNjA3IF0KPj4KZW5kb2JqCjExIDAgb2JqCjw8Ci9UeXBlIC9Gb250RGVzY3JpcHRvcgovRm9udE5hbWUgL1ZlcmRhbmEKL0FzY2VudCA3NjUKL0NhcEhlaWdodCA2NjYKL0Rlc2NlbnQgLTIwNwovSXRhbGljQW5nbGUgMAovU3RlbVYgODcKL0ZsYWdzIDMyCi9Gb250QkJveCBbLTU2MCAtMzAzIDE1MjMgMTA1MSBdCj4+CmVuZG9iagoxMiAwIG9iago8PAovTGVuZ3RoIDQxCi9GaWx0ZXIgWy9GbGF0ZURlY29kZSBdCi9UeXBlIC9YT2JqZWN0Ci9TdWJ0eXBlIC9JbWFnZQovQ29sb3JTcGFjZSAvRGV2aWNlUkdCCi9XaWR0aCAxNgovSGVpZ2h0IDE2Ci9CaXRzUGVyQ29tcG9uZW50IDgKL05hbWUgL1N5bkltZzAKPj4Kc3RyZWFtCnja+/9/pAMGBigiUjFWNkHFxGiBy8KdhIwoN59U95MRPkMOAACdE9FLCmVuZHN0cmVhbQplbmRvYmoKMTMgMCBvYmoKPDwKL0xlbmd0aCAyNzQKL0ZpbHRlciBbL0ZsYXRlRGVjb2RlIF0KL1R5cGUgL1hPYmplY3QKL1N1YnR5cGUgL0ltYWdlCi9Db2xvclNwYWNlIC9EZXZpY2VSR0IKL1dpZHRoIDE2Ci9IZWlnaHQgMTYKL0JpdHNQZXJDb21wb25lbnQgOAovTmFtZSAvU3luSW1nMQo+PgpzdHJlYW0KeNr7/3+YgLdv325BBQ8ePMCq8suXL0uXLp1cNzmKIQoZtSW2AcWfPn2KrDgnJ2diy8RMhswehp7/DP+B6ArDlWkM04DIjsGOgYEhKytr2rRpb968gahPTk6WY5CDqASiqwxXGw0bK5CAsrIyQ0xMfktLe3v7jx8/kNVfZ7hea1C7Y8cOZAd4e3szHD7MMGcOQ3t7YWUlsnu2MGyJioqCq1y+fHlmZqZ8ZyfDs2dQ+/n5kf3rwOCgoKAQBQOqbW0MS5cyPH0KcyxUPXJ4lpSUAP3IEBrKsGULw4MHCJXZ2Qze3ivXrUML21evXh0+fDi9uZnBxgYZLVy9Gij++/dvrDEC1HUJFXz//p0+yQYAN2JPuAplbmRzdHJlYW0KZW5kb2JqCjE0IDAgb2JqCjw8Ci9MZW5ndGggNjcKL0ZpbHRlciBbL0ZsYXRlRGVjb2RlIF0KL1R5cGUgL1hPYmplY3QKL1N1YnR5cGUgL0ltYWdlCi9Db2xvclNwYWNlIC9EZXZpY2VSR0IKL1dpZHRoIDE2Ci9IZWlnaHQgMTYKL0JpdHNQZXJDb21wb25lbnQgOAovTmFtZSAvU3luSW1nMgo+PgpzdHJlYW0KeNr7/59+gAEHIKj+ABKgonqsTsLvhQYGBmRE0HDi1WMqxq8FWf0BVIBVC5p6gr6GiBPvJPLUM2CoJBgF1AUAWAQDTgplbmRzdHJlYW0KZW5kb2JqCjE1IDAgb2JqCjw8Ci9MZW5ndGggOTEKL0ZpbHRlciBbL0ZsYXRlRGVjb2RlIF0KL1R5cGUgL1hPYmplY3QKL1N1YnR5cGUgL0ltYWdlCi9Db2xvclNwYWNlIC9EZXZpY2VSR0IKL1dpZHRoIDE2Ci9IZWlnaHQgMTYKL0JpdHNQZXJDb21wb25lbnQgOAovTmFtZSAvU3luSW1nMwo+PgpzdHJlYW0KeNq9klEKACAIQzu6R/NmJgUynIg/tb/kOW1l9lsLNIEV1HR5XUQuxuNK21S8/nKUWtKRGQbQk8exf5NJuY+2Yj5WCs+Gxzwxn3KZdAvHIp/JK88/wwttiAhkSQplbmRzdHJlYW0KZW5kb2JqCnhyZWYKMCAxNgowMDAwMDAwMDAwIDY1NTM1IGYgCjAwMDAwMDAwMDkgMDAwMDAgbiAKMDAwMDAwMDA5OCAwMDAwMCBuIAowMDAwMDAwMTY5IDAwMDAwIG4gCjAwMDAwMDA0NzMgMDAwMDAgbiAKMDAwMDAwMDUzMSAwMDAwMCBuIAowMDAwMDAwNzc5IDAwMDAwIG4gCjAwMDAwMDE2NDggMDAwMDAgbiAKMDAwMDAwMjMwMCAwMDAwMCBuIAowMDAwMDAyNDc2IDAwMDAwIG4gCjAwMDAwMDI2MTMgMDAwMDAgbiAKMDAwMDAwMzMyMiAwMDAwMCBuIAowMDAwMDAzNDk0IDAwMDAwIG4gCjAwMDAwMDM3MjAgMDAwMDAgbiAKMDAwMDAwNDE4MCAwMDAwMCBuIAowMDAwMDA0NDMyIDAwMDAwIG4gCnRyYWlsZXIKPDwKL1NpemUgMTYKL1Jvb3QgMSAwIFIKL0luZm8gMyAwIFIKPj4Kc3RhcnR4cmVmCjQ3MDgKJSVFT0YK</lnk>
            <text-with-layout>soins de plaies.. test text ===EVSREF:g18024===</text-with-layout>
        </transaction>
    </folder>
</kmehrmessage>
